ERROR - 2024-10-19 07:57:05 --> mysqli_sql_exception: Unknown column 'product_category_tbl' in 'where clause' in C:\xampp\htdocs\projects\petzadmin\system\Database\MySQLi\Connection.php:306
Stack trace:
#0 C:\xampp\htdocs\projects\petzadmin\system\Database\MySQLi\Connection.php(306): mysqli->query('SELECT *\nFROM `...', 0)
#1 C:\xampp\htdocs\projects\petzadmin\system\Database\BaseConnection.php(693): CodeIgniter\Database\MySQLi\Connection->execute('SELECT *\nFROM `...')
#2 C:\xampp\htdocs\projects\petzadmin\system\Database\BaseConnection.php(607): CodeIgniter\Database\BaseConnection->simpleQuery('SELECT *\nFROM `...')
#3 C:\xampp\htdocs\projects\petzadmin\system\Database\BaseBuilder.php(1616): CodeIgniter\Database\BaseConnection->query('SELECT *\nFROM `...', Array, false)
#4 C:\xampp\htdocs\projects\petzadmin\app\Controllers\Workflow_Product_Category.php(31): CodeIgniter\Database\BaseBuilder->get()
#5 C:\xampp\htdocs\projects\petzadmin\system\CodeIgniter.php(941): App\Controllers\Workflow_Product_Category->getProductCategory()
#6 C:\xampp\htdocs\projects\petzadmin\system\CodeIgniter.php(502): CodeIgniter\CodeIgniter->runController(Object(App\Controllers\Workflow_Product_Category))
#7 C:\xampp\htdocs\projects\petzadmin\system\CodeIgniter.php(361): CodeIgniter\CodeIgniter->handleRequest(NULL, Object(Config\Cache), false)
#8 C:\xampp\htdocs\projects\petzadmin\index.php(79): CodeIgniter\CodeIgniter->run()
#9 {main}
CRITICAL - 2024-10-19 07:57:05 --> CodeIgniter\Database\Exceptions\DatabaseException: Unknown column 'product_category_tbl' in 'where clause'
in SYSTEMPATH\Database\BaseConnection.php on line 647.
 1 SYSTEMPATH\Database\BaseBuilder.php(1616): CodeIgniter\Database\BaseConnection->query('SELECT *
FROM `product_category_tbl`
JOIN `product_type_tbl` ON `product_type_tbl`.`product_type_id` = `product_category_tbl`.`product_type_id`
JOIN `pet_tbl` ON `pet_tbl`.`pet_id` = `product_type_tbl`.`pet_id`
WHERE `pet_tbl`.`flag` = :pet_tbl.flag:
AND `product_type_tbl`.`flag` = :product_type_tbl.flag:
AND `product_category_tbl` = :product_category_tbl:', [...], false)
 2 APPPATH\Controllers\Workflow_Product_Category.php(31): CodeIgniter\Database\BaseBuilder->get()
 3 SYSTEMPATH\CodeIgniter.php(941): App\Controllers\Workflow_Product_Category->getProductCategory()
 4 SYSTEMPATH\CodeIgniter.php(502): CodeIgniter\CodeIgniter->runController(Object(App\Controllers\Workflow_Product_Category))
 5 SYSTEMPATH\CodeIgniter.php(361): CodeIgniter\CodeIgniter->handleRequest(null, Object(Config\Cache), false)
 6 FCPATH\index.php(79): CodeIgniter\CodeIgniter->run()
CRITICAL - 2024-10-19 07:57:05 --> [Caused by] CodeIgniter\Database\Exceptions\DatabaseException: Unknown column 'product_category_tbl' in 'where clause'
in SYSTEMPATH\Database\MySQLi\Connection.php on line 311.
 1 SYSTEMPATH\Database\BaseConnection.php(693): CodeIgniter\Database\MySQLi\Connection->execute('SELECT *
FROM `product_category_tbl`
JOIN `product_type_tbl` ON `product_type_tbl`.`product_type_id` = `product_category_tbl`.`product_type_id`
JOIN `pet_tbl` ON `pet_tbl`.`pet_id` = `product_type_tbl`.`pet_id`
WHERE `pet_tbl`.`flag` = 1
AND `product_type_tbl`.`flag` = 1
AND `product_category_tbl` = 1')
 2 SYSTEMPATH\Database\BaseConnection.php(607): CodeIgniter\Database\BaseConnection->simpleQuery('SELECT *
FROM `product_category_tbl`
JOIN `product_type_tbl` ON `product_type_tbl`.`product_type_id` = `product_category_tbl`.`product_type_id`
JOIN `pet_tbl` ON `pet_tbl`.`pet_id` = `product_type_tbl`.`pet_id`
WHERE `pet_tbl`.`flag` = 1
AND `product_type_tbl`.`flag` = 1
AND `product_category_tbl` = 1')
 3 SYSTEMPATH\Database\BaseBuilder.php(1616): CodeIgniter\Database\BaseConnection->query('SELECT *
FROM `product_category_tbl`
JOIN `product_type_tbl` ON `product_type_tbl`.`product_type_id` = `product_category_tbl`.`product_type_id`
JOIN `pet_tbl` ON `pet_tbl`.`pet_id` = `product_type_tbl`.`pet_id`
WHERE `pet_tbl`.`flag` = :pet_tbl.flag:
AND `product_type_tbl`.`flag` = :product_type_tbl.flag:
AND `product_category_tbl` = :product_category_tbl:', [...], false)
 4 APPPATH\Controllers\Workflow_Product_Category.php(31): CodeIgniter\Database\BaseBuilder->get()
 5 SYSTEMPATH\CodeIgniter.php(941): App\Controllers\Workflow_Product_Category->getProductCategory()
 6 SYSTEMPATH\CodeIgniter.php(502): CodeIgniter\CodeIgniter->runController(Object(App\Controllers\Workflow_Product_Category))
 7 SYSTEMPATH\CodeIgniter.php(361): CodeIgniter\CodeIgniter->handleRequest(null, Object(Config\Cache), false)
 8 FCPATH\index.php(79): CodeIgniter\CodeIgniter->run()
CRITICAL - 2024-10-19 07:57:05 --> [Caused by] mysqli_sql_exception: Unknown column 'product_category_tbl' in 'where clause'
in SYSTEMPATH\Database\MySQLi\Connection.php on line 306.
 1 SYSTEMPATH\Database\MySQLi\Connection.php(306): mysqli->query('SELECT *
FROM `product_category_tbl`
JOIN `product_type_tbl` ON `product_type_tbl`.`product_type_id` = `product_category_tbl`.`product_type_id`
JOIN `pet_tbl` ON `pet_tbl`.`pet_id` = `product_type_tbl`.`pet_id`
WHERE `pet_tbl`.`flag` = 1
AND `product_type_tbl`.`flag` = 1
AND `product_category_tbl` = 1', 0)
 2 SYSTEMPATH\Database\BaseConnection.php(693): CodeIgniter\Database\MySQLi\Connection->execute('SELECT *
FROM `product_category_tbl`
JOIN `product_type_tbl` ON `product_type_tbl`.`product_type_id` = `product_category_tbl`.`product_type_id`
JOIN `pet_tbl` ON `pet_tbl`.`pet_id` = `product_type_tbl`.`pet_id`
WHERE `pet_tbl`.`flag` = 1
AND `product_type_tbl`.`flag` = 1
AND `product_category_tbl` = 1')
 3 SYSTEMPATH\Database\BaseConnection.php(607): CodeIgniter\Database\BaseConnection->simpleQuery('SELECT *
FROM `product_category_tbl`
JOIN `product_type_tbl` ON `product_type_tbl`.`product_type_id` = `product_category_tbl`.`product_type_id`
JOIN `pet_tbl` ON `pet_tbl`.`pet_id` = `product_type_tbl`.`pet_id`
WHERE `pet_tbl`.`flag` = 1
AND `product_type_tbl`.`flag` = 1
AND `product_category_tbl` = 1')
 4 SYSTEMPATH\Database\BaseBuilder.php(1616): CodeIgniter\Database\BaseConnection->query('SELECT *
FROM `product_category_tbl`
JOIN `product_type_tbl` ON `product_type_tbl`.`product_type_id` = `product_category_tbl`.`product_type_id`
JOIN `pet_tbl` ON `pet_tbl`.`pet_id` = `product_type_tbl`.`pet_id`
WHERE `pet_tbl`.`flag` = :pet_tbl.flag:
AND `product_type_tbl`.`flag` = :product_type_tbl.flag:
AND `product_category_tbl` = :product_category_tbl:', [...], false)
 5 APPPATH\Controllers\Workflow_Product_Category.php(31): CodeIgniter\Database\BaseBuilder->get()
 6 SYSTEMPATH\CodeIgniter.php(941): App\Controllers\Workflow_Product_Category->getProductCategory()
 7 SYSTEMPATH\CodeIgniter.php(502): CodeIgniter\CodeIgniter->runController(Object(App\Controllers\Workflow_Product_Category))
 8 SYSTEMPATH\CodeIgniter.php(361): CodeIgniter\CodeIgniter->handleRequest(null, Object(Config\Cache), false)
 9 FCPATH\index.php(79): CodeIgniter\CodeIgniter->run()
ERROR - 2024-10-19 07:57:09 --> mysqli_sql_exception: Unknown column 'product_category_tbl' in 'where clause' in C:\xampp\htdocs\projects\petzadmin\system\Database\MySQLi\Connection.php:306
Stack trace:
#0 C:\xampp\htdocs\projects\petzadmin\system\Database\MySQLi\Connection.php(306): mysqli->query('SELECT *\nFROM `...', 0)
#1 C:\xampp\htdocs\projects\petzadmin\system\Database\BaseConnection.php(693): CodeIgniter\Database\MySQLi\Connection->execute('SELECT *\nFROM `...')
#2 C:\xampp\htdocs\projects\petzadmin\system\Database\BaseConnection.php(607): CodeIgniter\Database\BaseConnection->simpleQuery('SELECT *\nFROM `...')
#3 C:\xampp\htdocs\projects\petzadmin\system\Database\BaseBuilder.php(1616): CodeIgniter\Database\BaseConnection->query('SELECT *\nFROM `...', Array, false)
#4 C:\xampp\htdocs\projects\petzadmin\app\Controllers\Workflow_Product_Category.php(31): CodeIgniter\Database\BaseBuilder->get()
#5 C:\xampp\htdocs\projects\petzadmin\system\CodeIgniter.php(941): App\Controllers\Workflow_Product_Category->getProductCategory()
#6 C:\xampp\htdocs\projects\petzadmin\system\CodeIgniter.php(502): CodeIgniter\CodeIgniter->runController(Object(App\Controllers\Workflow_Product_Category))
#7 C:\xampp\htdocs\projects\petzadmin\system\CodeIgniter.php(361): CodeIgniter\CodeIgniter->handleRequest(NULL, Object(Config\Cache), false)
#8 C:\xampp\htdocs\projects\petzadmin\index.php(79): CodeIgniter\CodeIgniter->run()
#9 {main}
CRITICAL - 2024-10-19 07:57:09 --> CodeIgniter\Database\Exceptions\DatabaseException: Unknown column 'product_category_tbl' in 'where clause'
in SYSTEMPATH\Database\BaseConnection.php on line 647.
 1 SYSTEMPATH\Database\BaseBuilder.php(1616): CodeIgniter\Database\BaseConnection->query('SELECT *
FROM `product_category_tbl`
JOIN `product_type_tbl` ON `product_type_tbl`.`product_type_id` = `product_category_tbl`.`product_type_id`
JOIN `pet_tbl` ON `pet_tbl`.`pet_id` = `product_type_tbl`.`pet_id`
WHERE `pet_tbl`.`flag` = :pet_tbl.flag:
AND `product_type_tbl`.`flag` = :product_type_tbl.flag:
AND `product_category_tbl` = :product_category_tbl:', [...], false)
 2 APPPATH\Controllers\Workflow_Product_Category.php(31): CodeIgniter\Database\BaseBuilder->get()
 3 SYSTEMPATH\CodeIgniter.php(941): App\Controllers\Workflow_Product_Category->getProductCategory()
 4 SYSTEMPATH\CodeIgniter.php(502): CodeIgniter\CodeIgniter->runController(Object(App\Controllers\Workflow_Product_Category))
 5 SYSTEMPATH\CodeIgniter.php(361): CodeIgniter\CodeIgniter->handleRequest(null, Object(Config\Cache), false)
 6 FCPATH\index.php(79): CodeIgniter\CodeIgniter->run()
CRITICAL - 2024-10-19 07:57:09 --> [Caused by] CodeIgniter\Database\Exceptions\DatabaseException: Unknown column 'product_category_tbl' in 'where clause'
in SYSTEMPATH\Database\MySQLi\Connection.php on line 311.
 1 SYSTEMPATH\Database\BaseConnection.php(693): CodeIgniter\Database\MySQLi\Connection->execute('SELECT *
FROM `product_category_tbl`
JOIN `product_type_tbl` ON `product_type_tbl`.`product_type_id` = `product_category_tbl`.`product_type_id`
JOIN `pet_tbl` ON `pet_tbl`.`pet_id` = `product_type_tbl`.`pet_id`
WHERE `pet_tbl`.`flag` = 1
AND `product_type_tbl`.`flag` = 1
AND `product_category_tbl` = 1')
 2 SYSTEMPATH\Database\BaseConnection.php(607): CodeIgniter\Database\BaseConnection->simpleQuery('SELECT *
FROM `product_category_tbl`
JOIN `product_type_tbl` ON `product_type_tbl`.`product_type_id` = `product_category_tbl`.`product_type_id`
JOIN `pet_tbl` ON `pet_tbl`.`pet_id` = `product_type_tbl`.`pet_id`
WHERE `pet_tbl`.`flag` = 1
AND `product_type_tbl`.`flag` = 1
AND `product_category_tbl` = 1')
 3 SYSTEMPATH\Database\BaseBuilder.php(1616): CodeIgniter\Database\BaseConnection->query('SELECT *
FROM `product_category_tbl`
JOIN `product_type_tbl` ON `product_type_tbl`.`product_type_id` = `product_category_tbl`.`product_type_id`
JOIN `pet_tbl` ON `pet_tbl`.`pet_id` = `product_type_tbl`.`pet_id`
WHERE `pet_tbl`.`flag` = :pet_tbl.flag:
AND `product_type_tbl`.`flag` = :product_type_tbl.flag:
AND `product_category_tbl` = :product_category_tbl:', [...], false)
 4 APPPATH\Controllers\Workflow_Product_Category.php(31): CodeIgniter\Database\BaseBuilder->get()
 5 SYSTEMPATH\CodeIgniter.php(941): App\Controllers\Workflow_Product_Category->getProductCategory()
 6 SYSTEMPATH\CodeIgniter.php(502): CodeIgniter\CodeIgniter->runController(Object(App\Controllers\Workflow_Product_Category))
 7 SYSTEMPATH\CodeIgniter.php(361): CodeIgniter\CodeIgniter->handleRequest(null, Object(Config\Cache), false)
 8 FCPATH\index.php(79): CodeIgniter\CodeIgniter->run()
CRITICAL - 2024-10-19 07:57:09 --> [Caused by] mysqli_sql_exception: Unknown column 'product_category_tbl' in 'where clause'
in SYSTEMPATH\Database\MySQLi\Connection.php on line 306.
 1 SYSTEMPATH\Database\MySQLi\Connection.php(306): mysqli->query('SELECT *
FROM `product_category_tbl`
JOIN `product_type_tbl` ON `product_type_tbl`.`product_type_id` = `product_category_tbl`.`product_type_id`
JOIN `pet_tbl` ON `pet_tbl`.`pet_id` = `product_type_tbl`.`pet_id`
WHERE `pet_tbl`.`flag` = 1
AND `product_type_tbl`.`flag` = 1
AND `product_category_tbl` = 1', 0)
 2 SYSTEMPATH\Database\BaseConnection.php(693): CodeIgniter\Database\MySQLi\Connection->execute('SELECT *
FROM `product_category_tbl`
JOIN `product_type_tbl` ON `product_type_tbl`.`product_type_id` = `product_category_tbl`.`product_type_id`
JOIN `pet_tbl` ON `pet_tbl`.`pet_id` = `product_type_tbl`.`pet_id`
WHERE `pet_tbl`.`flag` = 1
AND `product_type_tbl`.`flag` = 1
AND `product_category_tbl` = 1')
 3 SYSTEMPATH\Database\BaseConnection.php(607): CodeIgniter\Database\BaseConnection->simpleQuery('SELECT *
FROM `product_category_tbl`
JOIN `product_type_tbl` ON `product_type_tbl`.`product_type_id` = `product_category_tbl`.`product_type_id`
JOIN `pet_tbl` ON `pet_tbl`.`pet_id` = `product_type_tbl`.`pet_id`
WHERE `pet_tbl`.`flag` = 1
AND `product_type_tbl`.`flag` = 1
AND `product_category_tbl` = 1')
 4 SYSTEMPATH\Database\BaseBuilder.php(1616): CodeIgniter\Database\BaseConnection->query('SELECT *
FROM `product_category_tbl`
JOIN `product_type_tbl` ON `product_type_tbl`.`product_type_id` = `product_category_tbl`.`product_type_id`
JOIN `pet_tbl` ON `pet_tbl`.`pet_id` = `product_type_tbl`.`pet_id`
WHERE `pet_tbl`.`flag` = :pet_tbl.flag:
AND `product_type_tbl`.`flag` = :product_type_tbl.flag:
AND `product_category_tbl` = :product_category_tbl:', [...], false)
 5 APPPATH\Controllers\Workflow_Product_Category.php(31): CodeIgniter\Database\BaseBuilder->get()
 6 SYSTEMPATH\CodeIgniter.php(941): App\Controllers\Workflow_Product_Category->getProductCategory()
 7 SYSTEMPATH\CodeIgniter.php(502): CodeIgniter\CodeIgniter->runController(Object(App\Controllers\Workflow_Product_Category))
 8 SYSTEMPATH\CodeIgniter.php(361): CodeIgniter\CodeIgniter->handleRequest(null, Object(Config\Cache), false)
 9 FCPATH\index.php(79): CodeIgniter\CodeIgniter->run()
